2019-05-08 10:18:04 DEBUG Main:182 - This is debug : debugParam
2019-05-08 10:18:04 INFO  Main:186 - This is info : infoParam
2019-05-08 10:18:04 WARN  Main:189 - This is warn : warnParam
2019-05-08 10:18:04 ERROR Main:190 - This is error : errorParam
2019-05-08 10:18:04 FATAL Main:191 - This is fatal : fatalParam
2019-05-08 10:50:39 DEBUG Main:182 - This is debug : debugParam
2019-05-08 10:50:39 INFO  Main:186 - This is info : infoParam
2019-05-08 10:50:39 WARN  Main:189 - This is warn : warnParam
2019-05-08 10:50:39 ERROR Main:190 - This is error : errorParam
2019-05-08 10:50:39 FATAL Main:191 - This is fatal : fatalParam
2019-05-08 14:36:45 DEBUG Main:182 - This is debug : debugParam
2019-05-08 14:36:45 INFO  Main:186 - This is info : infoParam
2019-05-08 14:36:45 WARN  Main:189 - This is warn : warnParam
2019-05-08 14:36:45 ERROR Main:190 - This is error : errorParam
2019-05-08 14:36:45 FATAL Main:191 - This is fatal : fatalParam
2019-05-08 15:33:35 DEBUG Main:268 - This is debug : debug
2019-05-08 15:33:35 INFO  Main:272 - This is info : info
2019-05-08 15:33:35 WARN  Main:275 - This is warn : warn
2019-05-08 15:33:35 ERROR Main:276 - This is error : error
2019-05-08 15:33:35 FATAL Main:277 - This is fatal : fatal
2019-05-08 16:11:01 DEBUG Main:268 - This is debug : debug
2019-05-08 16:11:01 INFO  Main:272 - This is info : info
2019-05-08 16:11:01 WARN  Main:274 - This is warn : warn
2019-05-08 16:11:01 ERROR Main:275 - This is error : error
2019-05-08 16:11:01 FATAL Main:276 - This is fatal : fatal
